File is valid, and was successfully uploaded.
<pre>Here is some more debugging info:array(1) {
  ["image"]=>
  array(5) {
    ["name"]=>
    string(9) "image.txt"
    ["type"]=>
    string(10) "text/plain"
    ["tmp_name"]=>
    string(14) "/tmp/phpfv30jv"
    ["error"]=>
    int(0)
    ["size"]=>
    int(7)
  }
}

<hr />
array(1) {
  ["filename"]=>
  string(13) "1231568456128"
}
</pre>File is valid, and was successfully uploaded.
<pre>Here is some more debugging info:array(1) {
  ["image"]=>
  array(5) {
    ["name"]=>
    string(9) "image.txt"
    ["type"]=>
    string(10) "text/plain"
    ["tmp_name"]=>
    string(14) "/tmp/phpfv30jv"
    ["error"]=>
    int(0)
    ["size"]=>
    int(7)
  }
}

<hr />
array(1) {
  ["filename"]=>
  string(13) "1231568456128"
}
</pre>File is valid, and was successfully uploaded.
<pre>Here is some more debugging info:array(1) {
  ["image"]=>
  array(5) {
    ["name"]=>
    string(9) "image.txt"
    ["type"]=>
    string(10) "text/plain"
    ["tmp_name"]=>
    string(14) "/tmp/phpPt00Lw"
    ["error"]=>
    int(0)
    ["size"]=>
    int(7)
  }
}

<hr />
array(1) {
  ["filename"]=>
  string(13) "1231568456128"
}
</pre>File is valid, and was successfully uploaded.
<pre>Here is some more debugging info:array(1) {
  ["image"]=>
  array(5) {
    ["name"]=>
    string(9) "image.txt"
    ["type"]=>
    string(10) "text/plain"
    ["tmp_name"]=>
    string(14) "/tmp/phpuQhXdR"
    ["error"]=>
    int(0)
    ["size"]=>
    int(7)
  }
}

<hr />
array(1) {
  ["filename"]=>
  string(13) "1231568456128"
}
</pre>File is valid, and was successfully uploaded.
<pre>Here is some more debugging info:array(1) {
  ["image"]=>
  array(5) {
    ["name"]=>
    string(9) "image.txt"
    ["type"]=>
    string(10) "text/plain"
    ["tmp_name"]=>
    string(14) "/tmp/phpnhz8VS"
    ["error"]=>
    int(0)
    ["size"]=>
    int(7)
  }
}

<hr />
array(1) {
  ["filename"]=>
  string(13) "1231568456128"
}
</pre>File is valid, and was successfully uploaded.
<pre>Here is some more debugging info:array(1) {
  ["image"]=>
  array(5) {
    ["name"]=>
    string(9) "image.txt"
    ["type"]=>
    string(10) "text/plain"
    ["tmp_name"]=>
    string(14) "/tmp/php14oWd1"
    ["error"]=>
    int(0)
    ["size"]=>
    int(7)
  }
}

<hr />
array(1) {
  ["filename"]=>
  string(13) "1231568456128"
}
</pre>File is valid, and was successfully uploaded.
<pre>Here is some more debugging info:array(1) {
  ["image"]=>
  array(5) {
    ["name"]=>
    string(9) "image.txt"
    ["type"]=>
    string(10) "text/plain"
    ["tmp_name"]=>
    string(14) "/tmp/phpfU3tpu"
    ["error"]=>
    int(0)
    ["size"]=>
    int(7)
  }
}

<hr />
array(1) {
  ["filename"]=>
  string(13) "1231568456128"
}
</pre>File is valid, and was successfully uploaded.
<pre>Here is some more debugging info:array(1) {
  ["image"]=>
  array(5) {
    ["name"]=>
    string(9) "image.txt"
    ["type"]=>
    string(10) "text/plain"
    ["tmp_name"]=>
    string(14) "/tmp/phpRurnkD"
    ["error"]=>
    int(0)
    ["size"]=>
    int(7)
  }
}

<hr />
array(1) {
  ["filename"]=>
  string(13) "1231568456128"
}
</pre>File is valid, and was successfully uploaded.
<pre>Here is some more debugging info:array(1) {
  ["image"]=>
  array(5) {
    ["name"]=>
    string(9) "image.txt"
    ["type"]=>
    string(10) "text/plain"
    ["tmp_name"]=>
    string(14) "/tmp/phpFb099j"
    ["error"]=>
    int(0)
    ["size"]=>
    int(7)
  }
}

<hr />
array(1) {
  ["filename"]=>
  string(13) "1231568456128"
}
</pre>File is valid, and was successfully uploaded.
<pre>Here is some more debugging info:array(1) {
  ["image"]=>
  array(5) {
    ["name"]=>
    string(9) "image.txt"
    ["type"]=>
    string(10) "text/plain"
    ["tmp_name"]=>
    string(14) "/tmp/phph67B5K"
    ["error"]=>
    int(0)
    ["size"]=>
    int(7)
  }
}

<hr />
array(1) {
  ["filename"]=>
  string(13) "1231568456128"
}
</pre>